# JRE version: OpenJDK Runtime Environment (8.0_242-b08) (build 1.8.0_242-8u242-b08-1~deb9u1-b08)
# Java VM: OpenJDK 64-Bit Server VM (25.242-b08 mixed mode linux-amd64 compressed oops)
Heap:
 PSYoungGen      total 986112K, used 0K [0x0000000780000000, 0x00000007bfe80000, 0x00000007c0000000)
  eden space 927232K, 0% used [0x0000000780000000,0x0000000780000000,0x00000007b8980000)
  from space 58880K, 0% used [0x00000007b8980000,0x00000007b8980000,0x00000007bc300000)
  to   space 56832K, 0% used [0x00000007bc700000,0x00000007bc700000,0x00000007bfe80000)
 ParOldGen       total 1889280K, used 463218K [0x0000000700000000, 0x0000000773500000, 0x0000000780000000)
  object space 1889280K, 24% used [0x0000000700000000,0x000000071c45c9c8,0x0000000773500000)
 Metaspace       used 84388K, capacity 92178K, committed 92416K, reserved 1128448K
  class space    used 10949K, capacity 12717K, committed 12800K, reserved 1048576K
GC Heap History (10 events):
Event: 18990.726 GC heap after
Heap after GC invocations=2275 (full 4):
 PSYoungGen      total 977408K, used 36949K [0x0000000780000000, 0x00000007c0000000, 0x00000007c0000000)
  eden space 912384K, 0% used [0x0000000780000000,0x0000000780000000,0x00000007b7b00000)
  from space 65024K, 56% used [0x00000007b7b00000,0x00000007b9f15630,0x00000007bba80000)
  to   space 62976K, 0% used [0x00000007bc280000,0x00000007bc280000,0x00000007c0000000)
 ParOldGen       total 1889280K, used 1875585K [0x0000000700000000, 0x0000000773500000, 0x0000000780000000)
  object space 1889280K, 99% used [0x0000000700000000,0x00000007727a06e0,0x0000000773500000)
 Metaspace       used 84394K, capacity 92190K, committed 92416K, reserved 1128448K
  class space    used 10950K, capacity 12719K, committed 12800K, reserved 1048576K
}
Event: 19003.795 GC heap before
{Heap before GC invocations=2276 (full 4):
 PSYoungGen      total 977408K, used 949333K [0x0000000780000000, 0x00000007c0000000, 0x00000007c0000000)
  eden space 912384K, 100% used [0x0000000780000000,0x00000007b7b00000,0x00000007b7b00000)
  from space 65024K, 56% used [0x00000007b7b00000,0x00000007b9f15630,0x00000007bba80000)
  to   space 62976K, 0% used [0x00000007bc280000,0x00000007bc280000,0x00000007c0000000)
 ParOldGen       total 1889280K, used 1875585K [0x0000000700000000, 0x0000000773500000, 0x0000000780000000)
  object space 1889280K, 99% used [0x0000000700000000,0x00000007727a06e0,0x0000000773500000)
 Metaspace       used 84395K, capacity 92190K, committed 92416K, reserved 1128448K
  class space    used 10950K, capacity 12719K, committed 12800K, reserved 1048576K
Event: 19003.829 GC heap after
Heap after GC invocations=2276 (full 4):
 PSYoungGen      total 978432K, used 38784K [0x0000000780000000, 0x00000007bfb00000, 0x00000007c0000000)
  eden space 920576K, 0% used [0x0000000780000000,0x0000000780000000,0x00000007b8300000)
  from space 57856K, 67% used [0x00000007bc280000,0x00000007be860138,0x00000007bfb00000)
  to   space 61440K, 0% used [0x00000007b8300000,0x00000007b8300000,0x00000007bbf00000)
 ParOldGen       total 1889280K, used 1876857K [0x0000000700000000, 0x0000000773500000, 0x0000000780000000)
  object space 1889280K, 99% used [0x0000000700000000,0x00000007728de7a8,0x0000000773500000)
 Metaspace       used 84395K, capacity 92190K, committed 92416K, reserved 1128448K
  class space    used 10950K, capacity 12719K, committed 12800K, reserved 1048576K
}
Event: 19017.733 GC heap before
{Heap before GC invocations=2277 (full 4):
 PSYoungGen      total 978432K, used 959360K [0x0000000780000000, 0x00000007bfb00000, 0x00000007c0000000)
  eden space 920576K, 100% used [0x0000000780000000,0x00000007b8300000,0x00000007b8300000)
  from space 57856K, 67% used [0x00000007bc280000,0x00000007be860138,0x00000007bfb00000)
  to   space 61440K, 0% used [0x00000007b8300000,0x00000007b8300000,0x00000007bbf00000)
 ParOldGen       total 1889280K, used 1876857K [0x0000000700000000, 0x0000000773500000, 0x0000000780000000)
  object space 1889280K, 99% used [0x0000000700000000,0x00000007728de7a8,0x0000000773500000)
 Metaspace       used 84396K, capacity 92190K, committed 92416K, reserved 1128448K
  class space    used 10950K, capacity 12719K, committed 12800K, reserved 1048576K
Event: 19017.767 GC heap after
Heap after GC invocations=2277 (full 4):
 PSYoungGen      total 982016K, used 38579K [0x0000000780000000, 0x00000007c0000000, 0x00000007c0000000)
  eden space 920576K, 0% used [0x0000000780000000,0x0000000780000000,0x00000007b8300000)
  from space 61440K, 62% used [0x00000007b8300000,0x00000007ba8ace40,0x00000007bbf00000)
  to   space 59904K, 0% used [0x00000007bc580000,0x00000007bc580000,0x00000007c0000000)
 ParOldGen       total 1889280K, used 1877365K [0x0000000700000000, 0x0000000773500000, 0x0000000780000000)
  object space 1889280K, 99% used [0x0000000700000000,0x000000077295d7d8,0x0000000773500000)
 Metaspace       used 84396K, capacity 92190K, committed 92416K, reserved 1128448K
  class space    used 10950K, capacity 12719K, committed 12800K, reserved 1048576K
}
Event: 19030.780 GC heap before
{Heap before GC invocations=2278 (full 4):
 PSYoungGen      total 982016K, used 959155K [0x0000000780000000, 0x00000007c0000000, 0x00000007c0000000)
  eden space 920576K, 100% used [0x0000000780000000,0x00000007b8300000,0x00000007b8300000)
  from space 61440K, 62% used [0x00000007b8300000,0x00000007ba8ace40,0x00000007bbf00000)
  to   space 59904K, 0% used [0x00000007bc580000,0x00000007bc580000,0x00000007c0000000)
 ParOldGen       total 1889280K, used 1877365K [0x0000000700000000, 0x0000000773500000, 0x0000000780000000)
  object space 1889280K, 99% used [0x0000000700000000,0x000000077295d7d8,0x0000000773500000)
 Metaspace       used 84396K, capacity 92190K, committed 92416K, reserved 1128448K
  class space    used 10950K, capacity 12719K, committed 12800K, reserved 1048576K
Event: 19030.815 GC heap after
Heap after GC invocations=2278 (full 4):
 PSYoungGen      total 983552K, used 39266K [0x0000000780000000, 0x00000007bfc80000, 0x00000007c0000000)
  eden space 927232K, 0% used [0x0000000780000000,0x0000000780000000,0x00000007b8980000)
  from space 56320K, 69% used [0x00000007bc580000,0x00000007bebd8b70,0x00000007bfc80000)
  to   space 58880K, 0% used [0x00000007b8980000,0x00000007b8980000,0x00000007bc300000)
 ParOldGen       total 1889280K, used 1879030K [0x0000000700000000, 0x0000000773500000, 0x0000000780000000)
  object space 1889280K, 99% used [0x0000000700000000,0x0000000772afd988,0x0000000773500000)
 Metaspace       used 84396K, capacity 92190K, committed 92416K, reserved 1128448K
  class space    used 10950K, capacity 12719K, committed 12800K, reserved 1048576K
}
Event: 19044.470 GC heap before
{Heap before GC invocations=2279 (full 4):
 PSYoungGen      total 983552K, used 966498K [0x0000000780000000, 0x00000007bfc80000, 0x00000007c0000000)
  eden space 927232K, 100% used [0x0000000780000000,0x00000007b8980000,0x00000007b8980000)
  from space 56320K, 69% used [0x00000007bc580000,0x00000007bebd8b70,0x00000007bfc80000)
  to   space 58880K, 0% used [0x00000007b8980000,0x00000007b8980000,0x00000007bc300000)
 ParOldGen       total 1889280K, used 1879030K [0x0000000700000000, 0x0000000773500000, 0x0000000780000000)
  object space 1889280K, 99% used [0x0000000700000000,0x0000000772afd988,0x0000000773500000)
 Metaspace       used 84396K, capacity 92190K, committed 92416K, reserved 1128448K
  class space    used 10950K, capacity 12719K, committed 12800K, reserved 1048576K
Event: 19044.504 GC heap after
Heap after GC invocations=2279 (full 4):
 PSYoungGen      total 986112K, used 34838K [0x0000000780000000, 0x00000007bfe80000, 0x00000007c0000000)
  eden space 927232K, 0% used [0x0000000780000000,0x0000000780000000,0x00000007b8980000)
  from space 58880K, 59% used [0x00000007b8980000,0x00000007bab858a8,0x00000007bc300000)
  to   space 56832K, 0% used [0x00000007bc700000,0x00000007bc700000,0x00000007bfe80000)
 ParOldGen       total 1889280K, used 1884007K [0x0000000700000000, 0x0000000773500000, 0x0000000780000000)
  object space 1889280K, 99% used [0x0000000700000000,0x0000000772fd9d48,0x0000000773500000)
 Metaspace       used 84396K, capacity 92190K, committed 92416K, reserved 1128448K
  class space    used 10950K, capacity 12719K, committed 12800K, reserved 1048576K
}
Event: 19044.516 GC heap before
{Heap before GC invocations=2280 (full 5):
 PSYoungGen      total 986112K, used 34838K [0x0000000780000000, 0x00000007bfe80000, 0x00000007c0000000)
  eden space 927232K, 0% used [0x0000000780000000,0x0000000780000000,0x00000007b8980000)
  from space 58880K, 59% used [0x00000007b8980000,0x00000007bab858a8,0x00000007bc300000)
  to   space 56832K, 0% used [0x00000007bc700000,0x00000007bc700000,0x00000007bfe80000)
 ParOldGen       total 1889280K, used 1884007K [0x0000000700000000, 0x0000000773500000, 0x0000000780000000)
  object space 1889280K, 99% used [0x0000000700000000,0x0000000772fd9d48,0x0000000773500000)
 Metaspace       used 84396K, capacity 92190K, committed 92416K, reserved 1128448K
  class space    used 10950K, capacity 12719K, committed 12800K, reserved 1048576K

