# JRE version: OpenJDK Runtime Environment (8.0_242-b08) (build 1.8.0_242-8u242-b08-1~deb9u1-b08)
# Java VM: OpenJDK 64-Bit Server VM (25.242-b08 mixed mode linux-amd64 compressed oops)
Heap:
 PSYoungGen      total 2137600K, used 0K [0x000000072ab00000, 0x00000007c0000000, 0x00000007c0000000)
  eden space 1921024K, 0% used [0x000000072ab00000,0x000000072ab00000,0x000000079ff00000)
  from space 216576K, 0% used [0x00000007b1380000,0x00000007b1380000,0x00000007be700000)
  to   space 262656K, 0% used [0x000000079ff00000,0x000000079ff00000,0x00000007aff80000)
 ParOldGen       total 3606528K, used 859134K [0x0000000600000000, 0x00000006dc200000, 0x000000072ab00000)
  object space 3606528K, 23% used [0x0000000600000000,0x00000006346ff818,0x00000006dc200000)
 Metaspace       used 96222K, capacity 105953K, committed 106072K, reserved 1140736K
  class space    used 11840K, capacity 13907K, committed 13952K, reserved 1048576K
GC Heap History (10 events):
Event: 79830.626 GC heap after
Heap after GC invocations=3789 (full 7):
 PSYoungGen      total 2206208K, used 148912K [0x000000072ab00000, 0x00000007c0000000, 0x00000007c0000000)
  eden space 1970176K, 0% used [0x000000072ab00000,0x000000072ab00000,0x00000007a2f00000)
  from space 236032K, 63% used [0x00000007b1980000,0x00000007baaec230,0x00000007c0000000)
  to   space 238080K, 0% used [0x00000007a2f00000,0x00000007a2f00000,0x00000007b1780000)
 ParOldGen       total 3606528K, used 3457990K [0x0000000600000000, 0x00000006dc200000, 0x000000072ab00000)
  object space 3606528K, 95% used [0x0000000600000000,0x00000006d30f19a8,0x00000006dc200000)
 Metaspace       used 96213K, capacity 105953K, committed 106072K, reserved 1140736K
  class space    used 11840K, capacity 13907K, committed 13952K, reserved 1048576K
}
Event: 79846.495 GC heap before
{Heap before GC invocations=3790 (full 7):
 PSYoungGen      total 2206208K, used 2119088K [0x000000072ab00000, 0x00000007c0000000, 0x00000007c0000000)
  eden space 1970176K, 100% used [0x000000072ab00000,0x00000007a2f00000,0x00000007a2f00000)
  from space 236032K, 63% used [0x00000007b1980000,0x00000007baaec230,0x00000007c0000000)
  to   space 238080K, 0% used [0x00000007a2f00000,0x00000007a2f00000,0x00000007b1780000)
 ParOldGen       total 3606528K, used 3457990K [0x0000000600000000, 0x00000006dc200000, 0x000000072ab00000)
  object space 3606528K, 95% used [0x0000000600000000,0x00000006d30f19a8,0x00000006dc200000)
 Metaspace       used 96215K, capacity 105953K, committed 106072K, reserved 1140736K
  class space    used 11840K, capacity 13907K, committed 13952K, reserved 1048576K
Event: 79846.649 GC heap after
Heap after GC invocations=3790 (full 7):
 PSYoungGen      total 2103296K, used 132752K [0x000000072ab00000, 0x00000007bf800000, 0x00000007c0000000)
  eden space 1970176K, 0% used [0x000000072ab00000,0x000000072ab00000,0x00000007a2f00000)
  from space 133120K, 99% used [0x00000007a2f00000,0x00000007ab0a41c8,0x00000007ab100000)
  to   space 232960K, 0% used [0x00000007b1480000,0x00000007b1480000,0x00000007bf800000)
 ParOldGen       total 3606528K, used 3474035K [0x0000000600000000, 0x00000006dc200000, 0x000000072ab00000)
  object space 3606528K, 96% used [0x0000000600000000,0x00000006d409cde8,0x00000006dc200000)
 Metaspace       used 96215K, capacity 105953K, committed 106072K, reserved 1140736K
  class space    used 11840K, capacity 13907K, committed 13952K, reserved 1048576K
}
Event: 79861.101 GC heap before
{Heap before GC invocations=3791 (full 7):
 PSYoungGen      total 2103296K, used 2102928K [0x000000072ab00000, 0x00000007bf800000, 0x00000007c0000000)
  eden space 1970176K, 100% used [0x000000072ab00000,0x00000007a2f00000,0x00000007a2f00000)
  from space 133120K, 99% used [0x00000007a2f00000,0x00000007ab0a41c8,0x00000007ab100000)
  to   space 232960K, 0% used [0x00000007b1480000,0x00000007b1480000,0x00000007bf800000)
 ParOldGen       total 3606528K, used 3474035K [0x0000000600000000, 0x00000006dc200000, 0x000000072ab00000)
  object space 3606528K, 96% used [0x0000000600000000,0x00000006d409cde8,0x00000006dc200000)
 Metaspace       used 96215K, capacity 105953K, committed 106072K, reserved 1140736K
  class space    used 11840K, capacity 13907K, committed 13952K, reserved 1048576K
Event: 79861.246 GC heap after
Heap after GC invocations=3791 (full 7):
 PSYoungGen      total 2212352K, used 127472K [0x000000072ab00000, 0x00000007c0000000, 0x00000007c0000000)
  eden space 1979392K, 0% used [0x000000072ab00000,0x000000072ab00000,0x00000007a3800000)
  from space 232960K, 54% used [0x00000007b1480000,0x00000007b90fc1c8,0x00000007bf800000)
  to   space 225792K, 0% used [0x00000007a3800000,0x00000007a3800000,0x00000007b1480000)
 ParOldGen       total 3606528K, used 3483215K [0x0000000600000000, 0x00000006dc200000, 0x000000072ab00000)
  object space 3606528K, 96% used [0x0000000600000000,0x00000006d4993fa0,0x00000006dc200000)
 Metaspace       used 96215K, capacity 105953K, committed 106072K, reserved 1140736K
  class space    used 11840K, capacity 13907K, committed 13952K, reserved 1048576K
}
Event: 79870.791 GC heap before
{Heap before GC invocations=3792 (full 7):
 PSYoungGen      total 2212352K, used 2106864K [0x000000072ab00000, 0x00000007c0000000, 0x00000007c0000000)
  eden space 1979392K, 100% used [0x000000072ab00000,0x00000007a3800000,0x00000007a3800000)
  from space 232960K, 54% used [0x00000007b1480000,0x00000007b90fc1c8,0x00000007bf800000)
  to   space 225792K, 0% used [0x00000007a3800000,0x00000007a3800000,0x00000007b1480000)
 ParOldGen       total 3606528K, used 3483215K [0x0000000600000000, 0x00000006dc200000, 0x000000072ab00000)
  object space 3606528K, 96% used [0x0000000600000000,0x00000006d4993fa0,0x00000006dc200000)
 Metaspace       used 96215K, capacity 105953K, committed 106072K, reserved 1140736K
  class space    used 11840K, capacity 13907K, committed 13952K, reserved 1048576K
Event: 79870.990 GC heap after
Heap after GC invocations=3792 (full 7):
 PSYoungGen      total 2084352K, used 104736K [0x000000072ab00000, 0x00000007be700000, 0x00000007c0000000)
  eden space 1979392K, 0% used [0x000000072ab00000,0x000000072ab00000,0x00000007a3800000)
  from space 104960K, 99% used [0x00000007a3800000,0x00000007a9e481e0,0x00000007a9e80000)
  to   space 216576K, 0% used [0x00000007b1380000,0x00000007b1380000,0x00000007be700000)
 ParOldGen       total 3606528K, used 3520079K [0x0000000600000000, 0x00000006dc200000, 0x000000072ab00000)
  object space 3606528K, 97% used [0x0000000600000000,0x00000006d6d93dd8,0x00000006dc200000)
 Metaspace       used 96215K, capacity 105953K, committed 106072K, reserved 1140736K
  class space    used 11840K, capacity 13907K, committed 13952K, reserved 1048576K
}
Event: 79879.995 GC heap before
{Heap before GC invocations=3793 (full 7):
 PSYoungGen      total 2084352K, used 2084128K [0x000000072ab00000, 0x00000007be700000, 0x00000007c0000000)
  eden space 1979392K, 100% used [0x000000072ab00000,0x00000007a3800000,0x00000007a3800000)
  from space 104960K, 99% used [0x00000007a3800000,0x00000007a9e481e0,0x00000007a9e80000)
  to   space 216576K, 0% used [0x00000007b1380000,0x00000007b1380000,0x00000007be700000)
 ParOldGen       total 3606528K, used 3520079K [0x0000000600000000, 0x00000006dc200000, 0x000000072ab00000)
  object space 3606528K, 97% used [0x0000000600000000,0x00000006d6d93dd8,0x00000006dc200000)
 Metaspace       used 96222K, capacity 105953K, committed 106072K, reserved 1140736K
  class space    used 11840K, capacity 13907K, committed 13952K, reserved 1048576K
Event: 79880.290 GC heap after
Heap after GC invocations=3793 (full 7):
 PSYoungGen      total 2137600K, used 216545K [0x000000072ab00000, 0x00000007c0000000, 0x00000007c0000000)
  eden space 1921024K, 0% used [0x000000072ab00000,0x000000072ab00000,0x000000079ff00000)
  from space 216576K, 99% used [0x00000007b1380000,0x00000007be6f8418,0x00000007be700000)
  to   space 262656K, 0% used [0x000000079ff00000,0x000000079ff00000,0x00000007aff80000)
 ParOldGen       total 3606528K, used 3570846K [0x0000000600000000, 0x00000006dc200000, 0x000000072ab00000)
  object space 3606528K, 99% used [0x0000000600000000,0x00000006d9f278c0,0x00000006dc200000)
 Metaspace       used 96222K, capacity 105953K, committed 106072K, reserved 1140736K
  class space    used 11840K, capacity 13907K, committed 13952K, reserved 1048576K
}
Event: 79880.290 GC heap before
{Heap before GC invocations=3794 (full 8):
 PSYoungGen      total 2137600K, used 216545K [0x000000072ab00000, 0x00000007c0000000, 0x00000007c0000000)
  eden space 1921024K, 0% used [0x000000072ab00000,0x000000072ab00000,0x000000079ff00000)
  from space 216576K, 99% used [0x00000007b1380000,0x00000007be6f8418,0x00000007be700000)
  to   space 262656K, 0% used [0x000000079ff00000,0x000000079ff00000,0x00000007aff80000)
 ParOldGen       total 3606528K, used 3570846K [0x0000000600000000, 0x00000006dc200000, 0x000000072ab00000)
  object space 3606528K, 99% used [0x0000000600000000,0x00000006d9f278c0,0x00000006dc200000)
 Metaspace       used 96222K, capacity 105953K, committed 106072K, reserved 1140736K
  class space    used 11840K, capacity 13907K, committed 13952K, reserved 1048576K

